<?xml version="1.0" encoding="UTF-8"?>
<!-- Generated by org.testng.reporters.JUnitReportReporter -->
<testsuite hostname="SRILAKSHMANAR" failures="0" tests="5" name="drighna.ogj.lessonplan" time="9.683" errors="0" timestamp="2025-02-24T14:25:02 IST" skipped="0">
  <testcase classname="drighna.ogj.lessonplan" name="clickAngleLeftButton" time="1.915"/>
  <system-out/>
  <testcase classname="drighna.ogj.lessonplan" name="clickAngleLeftButton11" time="1.783"/>
  <system-out/>
  <testcase classname="drighna.ogj.lessonplan" name="clickAngleLeftButton111" time="1.424"/>
  <system-out/>
  <testcase classname="drighna.ogj.lessonplan" name="clickAngleLeftButton1" time="1.632"/>
  <system-out/>
  <testcase classname="drighna.ogj.lessonplan" name="clickAngleLeftButton1111" time="2.929"/>
  <system-out/>
</testsuite> <!-- drighna.ogj.lessonplan -->
