<?xml version="1.0" encoding="UTF-8"?>
<!-- Generated by org.testng.reporters.JUnitReportReporter -->
<testsuite hostname="SRILAKSHMANAR" failures="0" tests="2" name="drighna.ogj.ExpenseManagement" time="5.316" errors="0" timestamp="2025-02-24T14:25:02 IST" skipped="0">
  <testcase classname="drighna.ogj.ExpenseManagement" name="verifyExpenseDetails1" time="2.640"/>
  <system-out/>
  <testcase classname="drighna.ogj.ExpenseManagement" name="behave" time="2.676"/>
  <system-out/>
</testsuite> <!-- drighna.ogj.ExpenseManagement -->
