<?xml version="1.0" encoding="UTF-8"?>
<!-- Generated by org.testng.reporters.JUnitReportReporter -->
<testsuite hostname="SRILAKSHMANAR" failures="0" tests="4" name="drighna.ogj.library" time="4.934" errors="0" timestamp="2025-02-24T14:25:02 IST" skipped="0">
  <testcase classname="drighna.ogj.library" name="clickAngleLeftButton" time="2.658"/>
  <system-out/>
  <testcase classname="drighna.ogj.library" name="clickAngleLeftButton1" time="0.573"/>
  <system-out/>
  <testcase classname="drighna.ogj.library" name="clickAngleLeftButton11" time="1.654"/>
  <system-out/>
  <testcase classname="drighna.ogj.library" name="clickAngleLeftButton111" time="0.049"/>
  <system-out/>
</testsuite> <!-- drighna.ogj.library -->
