<?xml version="1.0" encoding="UTF-8"?>
<!-- Generated by org.testng.reporters.JUnitReportReporter -->
<testsuite hostname="SRILAKSHMANAR" failures="0" tests="3" name="drighna.ogj.HR" time="7.719" errors="0" timestamp="2025-02-24T14:25:02 IST" skipped="0">
  <testcase classname="drighna.ogj.HR" name="clickAngleLeftButton" time="5.085"/>
  <system-out/>
  <testcase classname="drighna.ogj.HR" name="clickAngleLeftButton1" time="1.455"/>
  <system-out/>
  <testcase classname="drighna.ogj.HR" name="clickAngleLeftButton11" time="1.179"/>
  <system-out/>
</testsuite> <!-- drighna.ogj.HR -->
