<?xml version="1.0" encoding="UTF-8"?>
<!-- Generated by org.testng.reporters.JUnitReportReporter -->
<testsuite hostname="SRILAKSHMANAR" failures="0" tests="3" name="drighna.ogj.Income" time="4.792" errors="0" timestamp="2025-02-24T14:25:02 IST" skipped="0">
  <testcase classname="drighna.ogj.Income" name="incomeTest" time="2.163"/>
  <system-out/>
  <testcase classname="drighna.ogj.Income" name="searchincome" time="1.010"/>
  <system-out/>
  <testcase classname="drighna.ogj.Income" name="fillIncomeHeadForm" time="1.619"/>
  <system-out/>
</testsuite> <!-- drighna.ogj.Income -->
