<?xml version="1.0" encoding="UTF-8"?>
<!-- Generated by org.testng.reporters.JUnitReportReporter -->
<testsuite hostname="SRILAKSHMANAR" failures="0" tests="8" name="drighna.ogj.acad" time="12.341" errors="0" timestamp="2025-02-24T14:25:02 IST" skipped="0">
  <testcase classname="drighna.ogj.acad" name="clickAngleLeftButton" time="1.563"/>
  <system-out/>
  <testcase classname="drighna.ogj.acad" name="clickAngleLeftButton11" time="1.333"/>
  <system-out/>
  <testcase classname="drighna.ogj.acad" name="clickAngleLeftButton1" time="1.004"/>
  <system-out/>
  <testcase classname="drighna.ogj.acad" name="clickAngleLeftButton111" time="2.040"/>
  <system-out/>
  <testcase classname="drighna.ogj.acad" name="clickAngleLeftButton1111" time="2.252"/>
  <system-out/>
  <testcase classname="drighna.ogj.acad" name="clickAngleLeftButton11111" time="1.452"/>
  <system-out/>
  <testcase classname="drighna.ogj.acad" name="clickAngleLeftButton1111111" time="1.552"/>
  <system-out/>
  <testcase classname="drighna.ogj.acad" name="clickAngleLeftButton111111" time="1.145"/>
  <system-out/>
</testsuite> <!-- drighna.ogj.acad -->
