<?xml version="1.0" encoding="UTF-8"?>
<!-- Generated by org.testng.reporters.JUnitReportReporter -->
<testsuite hostname="SRILAKSHMANAR" failures="0" tests="6" name="drighna.ogj.Academics" time="13.551" errors="0" timestamp="2025-02-24T14:25:02 IST" skipped="0">
  <testcase classname="drighna.ogj.Academics" name="testFormSubmission11" time="2.795"/>
  <system-out/>
  <testcase classname="drighna.ogj.Academics" name="testFormInteraction" time="1.259"/>
  <system-out/>
  <testcase classname="drighna.ogj.Academics" name="testFormSubmission1" time="2.197"/>
  <system-out/>
  <testcase classname="drighna.ogj.Academics" name="testFormSubmission" time="2.093"/>
  <system-out/>
  <testcase classname="drighna.ogj.Academics" name="testClickFrontOfficeAndSelectClass" time="1.988"/>
  <system-out/>
  <testcase classname="drighna.ogj.Academics" name="testVisitor" time="3.219"/>
  <system-out/>
</testsuite> <!-- drighna.ogj.Academics -->
