<?xml version="1.0" encoding="UTF-8"?>
<!-- Generated by org.testng.reporters.JUnitReportReporter -->
<testsuite hostname="SRILAKSHMANAR" failures="0" tests="3" name="drighna.ogj.gmeet" time="62.147" errors="0" timestamp="2025-02-24T14:25:02 IST" skipped="0">
  <testcase classname="drighna.ogj.gmeet" name="completeFeeProcess11" time="12.570"/>
  <system-out/>
  <testcase classname="drighna.ogj.gmeet" name="daily_asg" time="14.118"/>
  <system-out/>
  <testcase classname="drighna.ogj.gmeet" name="completeFeeProcess" time="35.459"/>
  <system-out/>
</testsuite> <!-- drighna.ogj.gmeet -->
