<?xml version="1.0" encoding="UTF-8"?>
<!-- Generated by org.testng.reporters.JUnitReportReporter -->
<testsuite hostname="SRILAKSHMANAR" failures="0" tests="6" name="drighna.ogj.inventory" time="11.828" errors="0" timestamp="2025-02-24T14:25:02 IST" skipped="0">
  <testcase classname="drighna.ogj.inventory" name="clickAngleLeftButton" time="3.250"/>
  <system-out/>
  <testcase classname="drighna.ogj.inventory" name="clickAngleLeftButton1" time="2.663"/>
  <system-out/>
  <testcase classname="drighna.ogj.inventory" name="clickAngleLeftButton11" time="1.039"/>
  <system-out/>
  <testcase classname="drighna.ogj.inventory" name="clickAngleLeftButton111" time="0.664"/>
  <system-out/>
  <testcase classname="drighna.ogj.inventory" name="clickAngleLeftButton1111" time="1.612"/>
  <system-out/>
  <testcase classname="drighna.ogj.inventory" name="clickAngleLeftButton11111" time="2.600"/>
  <system-out/>
</testsuite> <!-- drighna.ogj.inventory -->
