<?xml version="1.0" encoding="UTF-8"?>
<!-- Generated by org.testng.reporters.JUnitReportReporter -->
<testsuite hostname="SRILAKSHMANAR" failures="0" tests="7" name="drighna.ogj.Attendance" time="21.974" errors="0" timestamp="2025-02-24T14:25:02 IST" skipped="0">
  <testcase classname="drighna.ogj.Attendance" name="fill" time="13.179"/>
  <system-out/>
  <testcase classname="drighna.ogj.Attendance" name="fill123456" time="2.120"/>
  <system-out/>
  <testcase classname="drighna.ogj.Attendance" name="fill1" time="1.801"/>
  <system-out/>
  <testcase classname="drighna.ogj.Attendance" name="fill1234" time="1.177"/>
  <system-out/>
  <testcase classname="drighna.ogj.Attendance" name="fill123" time="1.442"/>
  <system-out/>
  <testcase classname="drighna.ogj.Attendance" name="fill12345" time="0.996"/>
  <system-out/>
  <testcase classname="drighna.ogj.Attendance" name="fill12" time="1.259"/>
  <system-out/>
</testsuite> <!-- drighna.ogj.Attendance -->
