<?xml version="1.0" encoding="UTF-8"?>
<!-- Generated by org.testng.reporters.JUnitReportReporter -->
<testsuite hostname="SRILAKSHMANAR" failures="0" tests="2" name="drighna.ogj.onlineexam" time="7.415" errors="0" timestamp="2025-02-24T14:25:02 IST" skipped="0">
  <testcase classname="drighna.ogj.onlineexam" name="clickAngleLeftButton" time="3.508"/>
  <system-out/>
  <testcase classname="drighna.ogj.onlineexam" name="clickAngleLeftButton1" time="3.907"/>
  <system-out/>
</testsuite> <!-- drighna.ogj.onlineexam -->
