<?xml version="1.0" encoding="UTF-8"?>
<!-- Generated by org.testng.reporters.JUnitReportReporter -->
<testsuite hostname="SRILAKSHMANAR" failures="0" tests="1" name="drighna.ogj.Fees" time="0.826" errors="0" timestamp="2025-02-24T14:25:02 IST" skipped="0">
  <testcase classname="drighna.ogj.Fees" name="searchFeeCollection" time="0.826"/>
  <system-out/>
</testsuite> <!-- drighna.ogj.Fees -->
