<?xml version="1.0" encoding="UTF-8"?>
<!-- Generated by org.testng.reporters.JUnitReportReporter -->
<testsuite hostname="SRILAKSHMANAR" failures="0" tests="9" name="drighna.ogj.BehaviourRecords" time="29.030" errors="0" timestamp="2025-02-24T14:25:02 IST" skipped="0">
  <testcase classname="drighna.ogj.BehaviourRecords" name="studentreport1" time="1.498"/>
  <system-out/>
  <testcase classname="drighna.ogj.BehaviourRecords" name="studentreport1111" time="0.473"/>
  <system-out/>
  <testcase classname="drighna.ogj.BehaviourRecords" name="studentincidentreport" time="0.738"/>
  <system-out/>
  <testcase classname="drighna.ogj.BehaviourRecords" name="studentreport" time="11.916"/>
  <system-out/>
  <testcase classname="drighna.ogj.BehaviourRecords" name="studentreport111" time="0.518"/>
  <system-out/>
  <testcase classname="drighna.ogj.BehaviourRecords" name="studentreport11111" time="11.245"/>
  <system-out/>
  <testcase classname="drighna.ogj.BehaviourRecords" name="studentreport11" time="0.507"/>
  <system-out/>
  <testcase classname="drighna.ogj.BehaviourRecords" name="studentreport111111" time="0.494"/>
  <system-out/>
  <testcase classname="drighna.ogj.BehaviourRecords" name="behave" time="1.641"/>
  <system-out/>
</testsuite> <!-- drighna.ogj.BehaviourRecords -->
