<?xml version="1.0" encoding="UTF-8"?>
<!-- Generated by org.testng.reporters.JUnitReportReporter -->
<testsuite hostname="SRILAKSHMANAR" failures="0" tests="15" name="drighna.ogj.report" time="181.469" errors="0" timestamp="2025-02-24T14:25:02 IST" skipped="0">
  <testcase classname="drighna.ogj.report" name="clickAngleLeftButton" time="25.625"/>
  <system-out/>
  <testcase classname="drighna.ogj.report" name="clickAngleLeftButton1" time="33.001"/>
  <system-out/>
  <testcase classname="drighna.ogj.report" name="daily_attendance_report" time="12.952"/>
  <system-out/>
  <testcase classname="drighna.ogj.report" name="daily_attendance_report1" time="8.985"/>
  <system-out/>
  <testcase classname="drighna.ogj.report" name="daily_attendance_report11" time="18.389"/>
  <system-out/>
  <testcase classname="drighna.ogj.report" name="daily_attendance_report111" time="14.444"/>
  <system-out/>
  <testcase classname="drighna.ogj.report" name="daily_attendance_report1111" time="12.680"/>
  <system-out/>
  <testcase classname="drighna.ogj.report" name="daily_attendance_report11111" time="15.098"/>
  <system-out/>
  <testcase classname="drighna.ogj.report" name="daily_attendance_report111111" time="14.003"/>
  <system-out/>
  <testcase classname="drighna.ogj.report" name="daily_attendance_report1111111" time="10.268"/>
  <system-out/>
  <testcase classname="drighna.ogj.report" name="daily_attendance_report11111111" time="2.759"/>
  <system-out/>
  <testcase classname="drighna.ogj.report" name="daily_attendance_report111111111" time="2.759"/>
  <system-out/>
  <testcase classname="drighna.ogj.report" name="daily_attendance_report1111111111" time="5.068"/>
  <system-out/>
  <testcase classname="drighna.ogj.report" name="daily_attendance_report11111111111" time="3.006"/>
  <system-out/>
  <testcase classname="drighna.ogj.report" name="daily_attendance_report111111111111" time="2.432"/>
  <system-out/>
</testsuite> <!-- drighna.ogj.report -->
