<?xml version="1.0" encoding="UTF-8"?>
<!-- Generated by org.testng.reporters.JUnitReportReporter -->
<testsuite hostname="SRILAKSHMANAR" failures="0" tests="7" name="drighna.ogj.Fees1" time="21.477" errors="0" timestamp="2025-02-24T14:25:02 IST" skipped="0">
  <testcase classname="drighna.ogj.Fees1" name="feesearch" time="1.580"/>
  <system-out/>
  <testcase classname="drighna.ogj.Fees1" name="addfeesreminder" time="1.365"/>
  <system-out/>
  <testcase classname="drighna.ogj.Fees1" name="addfeescarryforward" time="1.221"/>
  <system-out/>
  <testcase classname="drighna.ogj.Fees1" name="feesearch1" time="11.942"/>
  <system-out/>
  <testcase classname="drighna.ogj.Fees1" name="addfees" time="2.185"/>
  <system-out/>
  <testcase classname="drighna.ogj.Fees1" name="addfeesdiscount" time="1.748"/>
  <system-out/>
  <testcase classname="drighna.ogj.Fees1" name="feesgroup" time="1.436"/>
  <system-out/>
</testsuite> <!-- drighna.ogj.Fees1 -->
