<?xml version="1.0" encoding="UTF-8"?>
<!-- Generated by org.testng.reporters.JUnitReportReporter -->
<testsuite hostname="SRILAKSHMANAR" failures="0" tests="9" name="drighna.ogj.Examination" time="33.383" errors="0" timestamp="2025-02-24T14:25:02 IST" skipped="0">
  <testcase classname="drighna.ogj.Examination" name="clickAngleLeftButton" time="1.683"/>
  <system-out/>
  <testcase classname="drighna.ogj.Examination" name="verifyExamScheduleLink" time="1.893"/>
  <system-out/>
  <testcase classname="drighna.ogj.Examination" name="verifyExamResultAndDropdowns" time="2.502"/>
  <system-out/>
  <testcase classname="drighna.ogj.Examination" name="verifyExamResultAndDropdowns1" time="1.512"/>
  <system-out/>
  <testcase classname="drighna.ogj.Examination" name="verifyExamResultAndDropdowns11" time="6.650"/>
  <system-out/>
  <testcase classname="drighna.ogj.Examination" name="verifyExamResultAndDropdowns111" time="5.000"/>
  <system-out/>
  <testcase classname="drighna.ogj.Examination" name="verifyExamResultAndDropdowns1111" time="6.293"/>
  <system-out/>
  <testcase classname="drighna.ogj.Examination" name="verifyExamResultAndDropdowns11111" time="4.678"/>
  <system-out/>
  <testcase classname="drighna.ogj.Examination" name="verifyExamResultAndDropdowns111111" time="3.172"/>
  <system-out/>
</testsuite> <!-- drighna.ogj.Examination -->
