<?xml version="1.0" encoding="UTF-8"?>
<!-- Generated by org.testng.reporters.JUnitReportReporter -->
<testsuite hostname="SRILAKSHMANAR" failures="0" tests="2" name="drighna.ogj.homework" time="4.376" errors="0" timestamp="2025-02-24T14:25:02 IST" skipped="0">
  <testcase classname="drighna.ogj.homework" name="clickAngleLeftButton" time="2.532"/>
  <system-out/>
  <testcase classname="drighna.ogj.homework" name="clickAngleLeftButton1" time="1.844"/>
  <system-out/>
</testsuite> <!-- drighna.ogj.homework -->
