<?xml version="1.0" encoding="UTF-8"?>
<!-- Generated by org.testng.reporters.JUnitReportReporter -->
<testsuite hostname="SRILAKSHMANAR" failures="0" tests="3" name="drighna.ogj.attendanceexam" time="12.479" errors="0" timestamp="2025-02-24T14:32:57 IST" skipped="0">
  <testcase classname="drighna.ogj.attendanceexam" name="clickAngleLeftButton" time="5.093"/>
  <system-out/>
  <testcase classname="drighna.ogj.attendanceexam" name="clickAngleLeftButton1" time="3.830"/>
  <system-out/>
  <testcase classname="drighna.ogj.attendanceexam" name="clickAngleLeftButton111" time="3.556"/>
  <system-out/>
</testsuite> <!-- drighna.ogj.attendanceexam -->
