<?xml version="1.0" encoding="UTF-8"?>
<!-- Generated by org.testng.reporters.JUnitReportReporter -->
<testsuite hostname="SRILAKSHMANAR" failures="0" tests="8" name="drighna.ogj.OnlineCourse" time="22.708" errors="0" timestamp="2025-02-24T14:25:02 IST" skipped="0">
  <testcase classname="drighna.ogj.OnlineCourse" name="verifyCourseRatingReport" time="0.799"/>
  <system-out/>
  <testcase classname="drighna.ogj.OnlineCourse" name="coursecategory" time="2.012"/>
  <system-out/>
  <testcase classname="drighna.ogj.OnlineCourse" name="verifyGuestReport1" time="2.520"/>
  <system-out/>
  <testcase classname="drighna.ogj.OnlineCourse" name="verifyGuestReport" time="0.721"/>
  <system-out/>
  <testcase classname="drighna.ogj.OnlineCourse" name="subject" time="1.318"/>
  <system-out/>
  <testcase classname="drighna.ogj.OnlineCourse" name="verifyCourseTrendingReport" time="10.803"/>
  <system-out/>
  <testcase classname="drighna.ogj.OnlineCourse" name="verifyCourseCompleteReport" time="2.547"/>
  <system-out/>
  <testcase classname="drighna.ogj.OnlineCourse" name="coursereport" time="1.988"/>
  <system-out/>
</testsuite> <!-- drighna.ogj.OnlineCourse -->
