<?xml version="1.0" encoding="UTF-8"?>
<!-- Generated by org.testng.reporters.JUnitReportReporter -->
<testsuite hostname="SRILAKSHMANAR" failures="0" tests="3" name="drighna.ogj.frontcms" time="10.048" errors="0" timestamp="2025-02-24T14:25:02 IST" skipped="0">
  <testcase classname="drighna.ogj.frontcms" name="clickAngleLeftButton" time="3.651"/>
  <system-out/>
  <testcase classname="drighna.ogj.frontcms" name="clickAngleLeftButton1" time="3.679"/>
  <system-out/>
  <testcase classname="drighna.ogj.frontcms" name="clickAngleLeftButton11" time="2.718"/>
  <system-out/>
</testsuite> <!-- drighna.ogj.frontcms -->
