<?xml version="1.0" encoding="UTF-8"?>
<!-- Generated by org.testng.reporters.JUnitReportReporter -->
<testsuite hostname="SRILAKSHMANAR" failures="0" tests="3" name="drighna.ogj.transport" time="7.547" errors="0" timestamp="2025-02-24T14:25:02 IST" skipped="0">
  <testcase classname="drighna.ogj.transport" name="clickAngleLeftButton11111" time="2.701"/>
  <system-out/>
  <testcase classname="drighna.ogj.transport" name="clickAngleLeftButton" time="2.984"/>
  <system-out/>
  <testcase classname="drighna.ogj.transport" name="clickAngleLeftButton11" time="1.862"/>
  <system-out/>
</testsuite> <!-- drighna.ogj.transport -->
