<?xml version="1.0" encoding="UTF-8"?>
<!-- Generated by org.testng.reporters.JUnitReportReporter -->
<testsuite hostname="SRILAKSHMANAR" failures="0" tests="4" name="drighna.ogj.download" time="6.506" errors="0" timestamp="2025-02-24T14:25:02 IST" skipped="0">
  <testcase classname="drighna.ogj.download" name="clickAngleLeftButton" time="1.827"/>
  <system-out/>
  <testcase classname="drighna.ogj.download" name="clickAngleLeftButton11" time="0.642"/>
  <system-out/>
  <testcase classname="drighna.ogj.download" name="clickAngleLeftButton111" time="1.704"/>
  <system-out/>
  <testcase classname="drighna.ogj.download" name="clickAngleLeftButton1111" time="2.333"/>
  <system-out/>
</testsuite> <!-- drighna.ogj.download -->
