<?xml version="1.0" encoding="UTF-8"?>
<!-- Generated by org.testng.reporters.JUnitReportReporter -->
<testsuite hostname="SRILAKSHMANAR" failures="0" tests="1" name="drighna.ogj.Login" time="7.557" errors="0" timestamp="2025-02-17T22:44:49 IST" skipped="0">
  <testcase classname="drighna.ogj.Login" name="login" time="7.557"/>
  <system-out/>
</testsuite> <!-- drighna.ogj.Login -->
