<?xml version="1.0" encoding="UTF-8"?>
<!-- Generated by org.testng.reporters.JUnitReportReporter -->
<testsuite hostname="SRILAKSHMANAR" failures="0" tests="1" name="drighna.ogj.sample" time="19.464" errors="0" timestamp="2025-02-17T21:45:44 IST" skipped="0">
  <testcase classname="drighna.ogj.sample" name="studentatt" time="19.464"/>
  <system-out/>
</testsuite> <!-- drighna.ogj.sample -->
