<?xml version="1.0" encoding="UTF-8"?>
<!-- Generated by org.testng.reporters.JUnitReportReporter -->
<testsuite hostname="SRILAKSHMANAR" failures="0" tests="3" name="drighna.ogj.hostel" time="5.257" errors="0" timestamp="2025-02-24T14:25:02 IST" skipped="0">
  <testcase classname="drighna.ogj.hostel" name="clickAngleLeftButton" time="1.930"/>
  <system-out/>
  <testcase classname="drighna.ogj.hostel" name="clickAngleLeftButton1" time="1.940"/>
  <system-out/>
  <testcase classname="drighna.ogj.hostel" name="clickAngleLeftButton11" time="1.387"/>
  <system-out/>
</testsuite> <!-- drighna.ogj.hostel -->
